<?xml version="1.0" encoding="UTF-8"?>
<!-- Generated by org.testng.reporters.JUnitReportReporter -->
<testsuite skipped="0" hostname="user-PC" name="com.sqp.Demo" tests="1" failures="0" timestamp="24 Jan 2019 12:34:05 GMT" time="12.559" errors="0">
  <testcase name="test" time="12.559" classname="com.sqp.Demo"/>
</testsuite> <!-- com.sqp.Demo -->
